<?xml version="1.0" encoding="UTF-8"?>
<!-- Generated by org.testng.reporters.JUnitReportReporter -->
<testsuite skipped="0" hostname="LAPTOP-ELN07JGN" name="com.pratian.pas.automation.TestClasses.RegisterAccount" tests="1" failures="0" timestamp="2020-12-04T10:11:00 IST" time="11.364" errors="0">
  <testcase name="sampleTest" time="11.364" classname="com.pratian.pas.automation.TestClasses.RegisterAccount"/>
  <system-out/>
</testsuite> <!-- com.pratian.pas.automation.TestClasses.RegisterAccount -->
