<?xml version="1.0" encoding="UTF-8"?>
<!-- Generated by org.testng.reporters.JUnitReportReporter -->
<testsuite skipped="0" hostname="LAPTOP-ELN07JGN" name="com.pratian.pas.automation.TestClasses.TestInprogress" tests="1" failures="0" timestamp="2020-12-18T15:32:46 IST" time="4.395" errors="0">
  <testcase name="checkLoginLink" time="4.395" classname="com.pratian.pas.automation.TestClasses.TestInprogress"/>
  <system-out/>
</testsuite> <!-- com.pratian.pas.automation.TestClasses.TestInprogress -->
