<?xml version="1.0" encoding="UTF-8"?>
<!-- Generated by org.testng.reporters.JUnitReportReporter -->
<testsuite skipped="0" hostname="LAPTOP-ELN07JGN" name="com.pratian.pas.automation.TestClasses.BaseTest" tests="6" failures="0" timestamp="2020-12-17T16:53:44 IST" time="42.356" errors="0">
  <testcase name="sampleTest" time="9.205" classname="com.pratian.pas.automation.TestClasses.BaseTest"/>
  <system-out/>
  <testcase name="checkLoginWithValidCredentials" time="5.387" classname="com.pratian.pas.automation.TestClasses.BaseTest"/>
  <system-out/>
  <testcase name="checkLoginWithInValidCredentials" time="5.595" classname="com.pratian.pas.automation.TestClasses.BaseTest"/>
  <system-out/>
  <testcase name="checkcontactus" time="11.167" classname="com.pratian.pas.automation.TestClasses.BaseTest"/>
  <system-out/>
  <testcase name="checkLogoutLink" time="10.749" classname="com.pratian.pas.automation.TestClasses.BaseTest"/>
  <system-out/>
  <testcase name="checkAboutus" time="0.253" classname="com.pratian.pas.automation.TestClasses.BaseTest"/>
  <system-out/>
</testsuite> <!-- com.pratian.pas.automation.TestClasses.BaseTest -->
