<?xml version="1.0" encoding="UTF-8"?>
<!-- Generated by org.testng.reporters.JUnitReportReporter -->
<testsuite skipped="0" hostname="LAPTOP-ELN07JGN" name="com.pratian.pas.automation.TestClasses.TestLogOut" tests="1" failures="0" timestamp="2020-12-08T15:42:16 IST" time="7.719" errors="0">
  <testcase name="checkLogoutLink" time="7.719" classname="com.pratian.pas.automation.TestClasses.TestLogOut"/>
  <system-out/>
</testsuite> <!-- com.pratian.pas.automation.TestClasses.TestLogOut -->
