<?xml version="1.0" encoding="UTF-8"?>
<!-- Generated by org.testng.reporters.JUnitReportReporter -->
<testsuite skipped="0" hostname="LAPTOP-ELN07JGN" name="com.pratian.pas.automation.TestClasses.TestLoginWithValidCred" tests="1" failures="0" timestamp="2020-12-18T15:07:40 IST" time="4.936" errors="0">
  <testcase name="checkLoginWithValidCredentials" time="4.936" classname="com.pratian.pas.automation.TestClasses.TestLoginWithValidCred"/>
  <system-out/>
</testsuite> <!-- com.pratian.pas.automation.TestClasses.TestLoginWithValidCred -->
