<?xml version="1.0" encoding="UTF-8"?>
<!-- Generated by org.testng.reporters.JUnitReportReporter -->
<testsuite skipped="0" hostname="LAPTOP-ELN07JGN" name="com.pratian.pas.automation.TestClasses.TestLogin" tests="1" failures="0" timestamp="2020-12-07T21:33:39 IST" time="2.904" errors="0">
  <testcase name="checkLoginWithValidCredentials" time="2.904" classname="com.pratian.pas.automation.TestClasses.TestLogin"/>
  <system-out/>
</testsuite> <!-- com.pratian.pas.automation.TestClasses.TestLogin -->
