<?xml version="1.0" encoding="UTF-8"?>
<!-- Generated by org.testng.reporters.JUnitReportReporter -->
<testsuite skipped="0" hostname="LAPTOP-ELN07JGN" name="com.pratian.pas.automation.TestClasses.TestLoginWithInvalidCred" tests="1" failures="0" timestamp="2020-12-08T15:42:16 IST" time="5.606" errors="0">
  <testcase name="checkLoginWithInValidCredentials" time="5.606" classname="com.pratian.pas.automation.TestClasses.TestLoginWithInvalidCred"/>
  <system-out/>
</testsuite> <!-- com.pratian.pas.automation.TestClasses.TestLoginWithInvalidCred -->
