<?xml version="1.0" encoding="UTF-8"?>
<!-- Generated by org.testng.reporters.JUnitReportReporter -->
<testsuite skipped="0" hostname="LAPTOP-ELN07JGN" name="com.pratian.pas.automation.TestClasses.TestPendingOrders" tests="1" failures="0" timestamp="2020-12-16T12:35:24 IST" time="6.766" errors="0">
  <testcase name="checkLoginWithValidCredentials" time="6.766" classname="com.pratian.pas.automation.TestClasses.TestPendingOrders"/>
  <system-out/>
</testsuite> <!-- com.pratian.pas.automation.TestClasses.TestPendingOrders -->
