<?xml version="1.0" encoding="UTF-8"?>
<!-- Generated by org.testng.reporters.JUnitReportReporter -->
<testsuite skipped="0" hostname="LAPTOP-ELN07JGN" name="com.pratian.pas.automation.TestClasses.TestRestaurants" tests="1" failures="0" timestamp="2020-12-08T15:42:16 IST" time="7.071" errors="0">
  <testcase name="SearchRestaurant" time="7.071" classname="com.pratian.pas.automation.TestClasses.TestRestaurants"/>
  <system-out/>
</testsuite> <!-- com.pratian.pas.automation.TestClasses.TestRestaurants -->
