<?xml version="1.0" encoding="UTF-8"?>
<!-- Generated by org.testng.reporters.JUnitReportReporter -->
<testsuite skipped="0" hostname="LAPTOP-ELN07JGN" name="com.pratian.pas.automation.TestClasses.TestRegisterAccount" tests="2" failures="0" timestamp="2020-12-10T13:47:50 IST" time="47.285" errors="0">
  <testcase name="Days" time="44.039" classname="com.pratian.pas.automation.TestClasses.TestRegisterAccount"/>
  <system-out/>
  <testcase name="Service" time="3.246" classname="com.pratian.pas.automation.TestClasses.TestRegisterAccount"/>
  <system-out/>
</testsuite> <!-- com.pratian.pas.automation.TestClasses.TestRegisterAccount -->
