<?xml version="1.0" encoding="UTF-8"?>
<!-- Generated by org.testng.reporters.JUnitReportReporter -->
<testsuite skipped="0" hostname="LAPTOP-ELN07JGN" name="com.pratian.pas.automation.TestClasses.TestUsecase" tests="6" failures="0" timestamp="2020-12-17T17:23:49 IST" time="42.579" errors="0">
  <testcase name="sampleTest" time="9.173" classname="com.pratian.pas.automation.TestClasses.TestUsecase"/>
  <system-out/>
  <testcase name="checkLoginWithValidCredentials" time="5.600" classname="com.pratian.pas.automation.TestClasses.TestUsecase"/>
  <system-out/>
  <testcase name="checkLoginWithInValidCredentials" time="5.599" classname="com.pratian.pas.automation.TestClasses.TestUsecase"/>
  <system-out/>
  <testcase name="checkcontactus" time="11.242" classname="com.pratian.pas.automation.TestClasses.TestUsecase"/>
  <system-out/>
  <testcase name="checkLogoutLink" time="10.698" classname="com.pratian.pas.automation.TestClasses.TestUsecase"/>
  <system-out/>
  <testcase name="checkAboutus" time="0.267" classname="com.pratian.pas.automation.TestClasses.TestUsecase"/>
  <system-out/>
</testsuite> <!-- com.pratian.pas.automation.TestClasses.TestUsecase -->
