<?xml version="1.0" encoding="UTF-8"?>
<!-- Generated by org.testng.reporters.JUnitReportReporter -->
<testsuite skipped="0" hostname="LAPTOP-ELN07JGN" name="com.pratian.pas.automation.TestClasses.TestEnd_To_End$TestAboutUs" tests="1" failures="0" timestamp="2020-12-10T15:40:34 IST" time="29.863" errors="0">
  <testcase name="checkAboutus" time="29.863" classname="com.pratian.pas.automation.TestClasses.TestEnd_To_End$TestAboutUs"/>
  <system-out/>
</testsuite> <!-- com.pratian.pas.automation.TestClasses.TestEnd_To_End$TestAboutUs -->
