<?xml version="1.0" encoding="UTF-8"?>
<!-- Generated by org.testng.reporters.JUnitReportReporter -->
<testsuite skipped="0" hostname="LAPTOP-ELN07JGN" name="com.pratian.pas.automation.TestClasses.TestDeliveredTab" tests="1" failures="0" timestamp="2020-12-18T15:27:21 IST" time="4.666" errors="0">
  <testcase name="checkLoginLink" time="4.666" classname="com.pratian.pas.automation.TestClasses.TestDeliveredTab"/>
  <system-out/>
</testsuite> <!-- com.pratian.pas.automation.TestClasses.TestDeliveredTab -->
